0 info it worked if it ends with ok
1 verbose cli [ '/usr/bin/nodejs', '/usr/bin/npm', 'install', 'mean' ]
2 info using npm@1.2.18
3 info using node@v0.10.15
4 verbose read json /home/shishir/Development/workspace/collab/package.json
5 error Failed to parse json
5 error Unexpected token /
6 error File: /home/shishir/Development/workspace/collab/package.json
7 error Failed to parse package.json data.
7 error package.json must be actual JSON, not just JavaScript.
7 error
7 error This is not a bug in npm.
7 error Tell the package author to fix their package.json file. JSON.parse
8 error System Linux 3.11.0-23-generic
9 error command "/usr/bin/nodejs" "/usr/bin/npm" "install" "mean"
10 error cwd /home/shishir/Development/workspace/collab
11 error node -v v0.10.15
12 error npm -v 1.2.18
13 error file /home/shishir/Development/workspace/collab/package.json
14 error code EJSONPARSE
15 verbose exit [ 1, true ]
